<?xml version="1.0" encoding="UTF-8"?>
<!-- Generated by org.testng.reporters.JUnitReportReporter -->
<testsuite hostname="SatwikaRajkumar" failures="0" tests="2" name="myrunner.SignUprunnertestng" time="36.379" errors="0" timestamp="2025-03-22T10:32:06 IST" skipped="0">
  <testcase classname="myrunner.SignUprunnertestng" name="runScenario" time="22.143"/>
  <system-out/>
  <testcase classname="myrunner.SignUprunnertestng" name="runScenario" time="14.236"/>
  <system-out/>
</testsuite> <!-- myrunner.SignUprunnertestng -->
