<?xml version="1.0" encoding="UTF-8"?>
<!-- Generated by org.testng.reporters.JUnitReportReporter -->
<testsuite hostname="SatwikaRajkumar" failures="0" tests="1" name="Testcases.LoginInvalidData" time="5.950" errors="0" timestamp="2025-03-25T15:46:34 IST" skipped="0">
  <testcase classname="Testcases.LoginInvalidData" name="LoginInvalid" time="5.950"/>
  <system-out/>
</testsuite> <!-- Testcases.LoginInvalidData -->
