<?xml version="1.0" encoding="UTF-8"?>
<!-- Generated by org.testng.reporters.JUnitReportReporter -->
<testsuite hostname="SatwikaRajkumar" failures="0" tests="1" name="myrunner.SignUpTestng" time="17.593" errors="0" timestamp="2025-03-26T10:12:57 IST" skipped="0">
  <testcase classname="myrunner.SignUpTestng" name="runScenario" time="17.593"/>
  <system-out/>
</testsuite> <!-- myrunner.SignUpTestng -->
