<?xml version="1.0" encoding="UTF-8"?>
<!-- Generated by org.testng.reporters.JUnitReportReporter -->
<testsuite hostname="SatwikaRajkumar" failures="0" tests="1" name="Testcases.CartPageTestcase" time="7.625" errors="0" timestamp="2025-03-26T09:43:33 IST" skipped="0">
  <testcase classname="Testcases.CartPageTestcase" name="Tc1" time="7.625"/>
  <system-out/>
</testsuite> <!-- Testcases.CartPageTestcase -->
