<?xml version="1.0" encoding="UTF-8"?>
<!-- Generated by org.testng.reporters.JUnitReportReporter -->
<testsuite hostname="SatwikaRajkumar" failures="0" tests="1" name="Testcases.LoginInvalidData" time="3.971" errors="0" timestamp="2025-03-25T13:31:26 IST" skipped="0">
  <testcase classname="Testcases.LoginInvalidData" name="LoginInvalid" time="3.971"/>
  <system-out/>
</testsuite> <!-- Testcases.LoginInvalidData -->
