<?xml version="1.0" encoding="UTF-8"?>
<!-- Generated by org.testng.reporters.JUnitReportReporter -->
<testsuite hostname="SatwikaRajkumar" failures="0" tests="2" name="Testcases.CheckOutPageTestcase" time="6.525" errors="0" timestamp="2025-03-25T15:46:34 IST" skipped="0">
  <testcase classname="Testcases.CheckOutPageTestcase" name="checkout" time="2.558"/>
  <system-out/>
  <testcase classname="Testcases.CheckOutPageTestcase" name="Tc1" time="3.967"/>
  <system-out/>
</testsuite> <!-- Testcases.CheckOutPageTestcase -->
