<?xml version="1.0" encoding="UTF-8"?>
<!-- Generated by org.testng.reporters.JUnitReportReporter -->
<testsuite hostname="SatwikaRajkumar" failures="0" tests="1" name="Testcases.AddingMultipleElementsTestcase" time="9.228" errors="0" timestamp="2025-03-25T13:37:48 IST" skipped="0">
  <testcase classname="Testcases.AddingMultipleElementsTestcase" name="Tc1" time="9.228"/>
  <system-out/>
</testsuite> <!-- Testcases.AddingMultipleElementsTestcase -->
