<?xml version="1.0" encoding="UTF-8"?>
<!-- Generated by org.testng.reporters.JUnitReportReporter -->
<testsuite hostname="SatwikaRajkumar" failures="0" tests="1" name="Testcases.LoginPageTestcase" time="16.252" errors="0" timestamp="2025-03-22T12:04:35 IST" skipped="0">
  <testcase classname="Testcases.LoginPageTestcase" name="LoginPageMethod" time="16.252"/>
  <system-out/>
</testsuite> <!-- Testcases.LoginPageTestcase -->
