<?xml version="1.0" encoding="UTF-8"?>
<!-- Generated by org.testng.reporters.JUnitReportReporter -->
<testsuite hostname="SatwikaRajkumar" failures="0" tests="1" name="myrunner.SignUpTestng" time="16.733" errors="0" timestamp="2025-03-26T09:54:29 IST" skipped="0">
  <testcase classname="myrunner.SignUpTestng" name="runScenario" time="16.733"/>
  <system-out/>
</testsuite> <!-- myrunner.SignUpTestng -->
