<?xml version="1.0" encoding="UTF-8"?>
<!-- Generated by org.testng.reporters.JUnitReportReporter -->
<testsuite hostname="SatwikaRajkumar" failures="0" tests="1" name="Testcases.SignUpPageTestcase" time="4.998" errors="0" timestamp="2025-03-21T21:26:46 IST" skipped="0">
  <testcase classname="Testcases.SignUpPageTestcase" name="SignUpPageMethod" time="4.998"/>
  <system-out/>
</testsuite> <!-- Testcases.SignUpPageTestcase -->
