<?xml version="1.0" encoding="UTF-8"?>
<!-- Generated by org.testng.reporters.JUnitReportReporter -->
<testsuite hostname="SatwikaRajkumar" failures="0" tests="1" name="Testcases.SignUpPageTestcase" time="3.154" errors="0" timestamp="2025-03-22T13:51:56 IST" skipped="0">
  <testcase classname="Testcases.SignUpPageTestcase" name="SignUpPageMethod" time="3.154"/>
  <system-out/>
</testsuite> <!-- Testcases.SignUpPageTestcase -->
