<?xml version="1.0" encoding="UTF-8"?>
<!-- Generated by org.testng.reporters.JUnitReportReporter -->
<testsuite hostname="SatwikaRajkumar" failures="0" tests="2" name="Testcases.CheckOutPageTestcase" time="11.011" errors="0" timestamp="2025-03-26T10:12:57 IST" skipped="0">
  <testcase classname="Testcases.CheckOutPageTestcase" name="Tc1" time="6.129"/>
  <system-out/>
  <testcase classname="Testcases.CheckOutPageTestcase" name="checkout" time="4.882"/>
  <system-out/>
</testsuite> <!-- Testcases.CheckOutPageTestcase -->
