<?xml version="1.0" encoding="UTF-8"?>
<!-- Generated by org.testng.reporters.JUnitReportReporter -->
<testsuite hostname="SatwikaRajkumar" failures="0" tests="2" name="Testcases.CheckOutPageTestcase" time="8.095" errors="0" timestamp="2025-03-25T13:35:07 IST" skipped="0">
  <testcase classname="Testcases.CheckOutPageTestcase" name="Tc1" time="4.520"/>
  <system-out/>
  <testcase classname="Testcases.CheckOutPageTestcase" name="checkout" time="3.575"/>
  <system-out/>
</testsuite> <!-- Testcases.CheckOutPageTestcase -->
