<?xml version="1.0" encoding="UTF-8"?>
<!-- Generated by org.testng.reporters.JUnitReportReporter -->
<testsuite hostname="SatwikaRajkumar" failures="0" tests="1" name="Testcases.SignUpPageTestcase" time="2.478" errors="0" timestamp="2025-03-22T15:42:37 IST" skipped="0">
  <testcase classname="Testcases.SignUpPageTestcase" name="SignUpPageMethod" time="2.478"/>
  <system-out/>
</testsuite> <!-- Testcases.SignUpPageTestcase -->
