<?xml version="1.0" encoding="UTF-8"?>
<!-- Generated by org.testng.reporters.JUnitReportReporter -->
<testsuite hostname="SatwikaRajkumar" failures="0" tests="1" name="Testcases.LoginPageTestcase" time="12.105" errors="0" timestamp="2025-03-25T15:46:34 IST" skipped="0">
  <testcase classname="Testcases.LoginPageTestcase" name="LoginPageMethod" time="12.105"/>
  <system-out/>
</testsuite> <!-- Testcases.LoginPageTestcase -->
