<?xml version="1.0" encoding="UTF-8"?>
<!-- Generated by org.testng.reporters.JUnitReportReporter -->
<testsuite hostname="SatwikaRajkumar" failures="0" tests="1" name="myrunner.SignUpTestng" time="10.794" errors="0" timestamp="2025-03-22T13:51:56 IST" skipped="0">
  <testcase classname="myrunner.SignUpTestng" name="runScenario" time="10.794"/>
  <system-out/>
</testsuite> <!-- myrunner.SignUpTestng -->
