<?xml version="1.0" encoding="UTF-8"?>
<!-- Generated by org.testng.reporters.JUnitReportReporter -->
<testsuite hostname="SatwikaRajkumar" failures="0" tests="1" name="Testcases.SignUpPagePfTestcase" time="6.722" errors="0" timestamp="2025-03-20T12:03:11 IST" skipped="0">
  <testcase classname="Testcases.SignUpPagePfTestcase" name="Tc2" time="6.722"/>
  <system-out/>
</testsuite> <!-- Testcases.SignUpPagePfTestcase -->
